<?xml version="1.0" encoding="UTF-8"?>
<coverage generated="1768411647218" clover="3.2.0">
  <project timestamp="1768411647218" name="All files">
    <metrics statements="20" coveredstatements="20" conditionals="14" coveredconditionals="14" methods="3" coveredmethods="3" elements="37" coveredelements="37" complexity="0" loc="20" ncloc="20" packages="1" files="2" classes="2"/>
    <file name="BinarySearch.js" path="C:\Users\W0526737\OneDrive - Nova Scotia Community College\Documents\testshortassignment\BinarySearch.js">
      <metrics statements="16" coveredstatements="16" conditionals="14" coveredconditionals="14" methods="2" coveredmethods="2"/>
      <line num="11" count="17" type="stmt"/>
      <line num="13" count="17" type="cond" truecount="2" falsecount="0"/>
      <line num="14" count="15" type="cond" truecount="2" falsecount="0"/>
      <line num="16" count="2" type="stmt"/>
      <line num="19" count="13" type="cond" truecount="2" falsecount="0"/>
      <line num="21" count="4" type="stmt"/>
      <line num="24" count="9" type="stmt"/>
      <line num="28" count="2" type="stmt"/>
      <line num="32" count="4" type="stmt"/>
      <line num="33" count="15" type="stmt"/>
      <line num="35" count="15" type="cond" truecount="2" falsecount="0"/>
      <line num="37" count="2" type="stmt"/>
      <line num="40" count="13" type="cond" truecount="2" falsecount="0"/>
      <line num="42" count="4" type="stmt"/>
      <line num="45" count="9" type="stmt"/>
      <line num="49" count="2" type="stmt"/>
    </file>
    <file name="Reverse.js" path="C:\Users\W0526737\OneDrive - Nova Scotia Community College\Documents\testshortassignment\Reverse.js">
      <metrics statements="4" coveredstatements="4" conditionals="0" coveredconditionals="0" methods="1" coveredmethods="1"/>
      <line num="8" count="1" type="stmt"/>
      <line num="10" count="3" type="stmt"/>
      <line num="11" count="3" type="stmt"/>
      <line num="13" count="3" type="stmt"/>
    </file>
  </project>
</coverage>
