{"C:\\Users\\W0526737\\OneDrive - Nova Scotia Community College\\Documents\\testshortassignment\\BinarySearch.js": {"path":"C:\\Users\\W0526737\\OneDrive - Nova Scotia Community College\\Documents\\testshortassignment\\BinarySearch.js","statementMap":{"0":{"start":{"line":11,"column":14},"end":{"line":11,"column":48}},"1":{"start":{"line":13,"column":2},"end":{"line":29,"column":3}},"2":{"start":{"line":14,"column":4},"end":{"line":17,"column":5}},"3":{"start":{"line":16,"column":6},"end":{"line":16,"column":17}},"4":{"start":{"line":19,"column":4},"end":{"line":25,"column":5}},"5":{"start":{"line":21,"column":6},"end":{"line":21,"column":57}},"6":{"start":{"line":24,"column":6},"end":{"line":24,"column":58}},"7":{"start":{"line":28,"column":4},"end":{"line":28,"column":14}},"8":{"start":{"line":32,"column":2},"end":{"line":47,"column":3}},"9":{"start":{"line":33,"column":16},"end":{"line":33,"column":50}},"10":{"start":{"line":35,"column":4},"end":{"line":38,"column":5}},"11":{"start":{"line":37,"column":6},"end":{"line":37,"column":17}},"12":{"start":{"line":40,"column":4},"end":{"line":46,"column":5}},"13":{"start":{"line":42,"column":6},"end":{"line":42,"column":21}},"14":{"start":{"line":45,"column":6},"end":{"line":45,"column":20}},"15":{"start":{"line":49,"column":2},"end":{"line":49,"column":12}}},"fnMap":{"0":{"name":"binarySearchRecursive","decl":{"start":{"line":10,"column":9},"end":{"line":10,"column":30}},"loc":{"start":{"line":10,"column":71},"end":{"line":30,"column":1}},"line":10},"1":{"name":"binarySearchIterative","decl":{"start":{"line":31,"column":9},"end":{"line":31,"column":30}},"loc":{"start":{"line":31,"column":71},"end":{"line":50,"column":1}},"line":31}},"branchMap":{"0":{"loc":{"start":{"line":10,"column":39},"end":{"line":10,"column":46}},"type":"default-arg","locations":[{"start":{"line":10,"column":45},"end":{"line":10,"column":46}}],"line":10},"1":{"loc":{"start":{"line":10,"column":48},"end":{"line":10,"column":69}},"type":"default-arg","locations":[{"start":{"line":10,"column":55},"end":{"line":10,"column":69}}],"line":10},"2":{"loc":{"start":{"line":13,"column":2},"end":{"line":29,"column":3}},"type":"if","locations":[{"start":{"line":13,"column":2},"end":{"line":29,"column":3}},{"start":{"line":26,"column":9},"end":{"line":29,"column":3}}],"line":13},"3":{"loc":{"start":{"line":14,"column":4},"end":{"line":17,"column":5}},"type":"if","locations":[{"start":{"line":14,"column":4},"end":{"line":17,"column":5}},{"start":{},"end":{}}],"line":14},"4":{"loc":{"start":{"line":19,"column":4},"end":{"line":25,"column":5}},"type":"if","locations":[{"start":{"line":19,"column":4},"end":{"line":25,"column":5}},{"start":{"line":22,"column":11},"end":{"line":25,"column":5}}],"line":19},"5":{"loc":{"start":{"line":31,"column":39},"end":{"line":31,"column":46}},"type":"default-arg","locations":[{"start":{"line":31,"column":45},"end":{"line":31,"column":46}}],"line":31},"6":{"loc":{"start":{"line":31,"column":48},"end":{"line":31,"column":69}},"type":"default-arg","locations":[{"start":{"line":31,"column":55},"end":{"line":31,"column":69}}],"line":31},"7":{"loc":{"start":{"line":35,"column":4},"end":{"line":38,"column":5}},"type":"if","locations":[{"start":{"line":35,"column":4},"end":{"line":38,"column":5}},{"start":{},"end":{}}],"line":35},"8":{"loc":{"start":{"line":40,"column":4},"end":{"line":46,"column":5}},"type":"if","locations":[{"start":{"line":40,"column":4},"end":{"line":46,"column":5}},{"start":{"line":43,"column":11},"end":{"line":46,"column":5}}],"line":40}},"s":{"0":17,"1":17,"2":15,"3":2,"4":13,"5":4,"6":9,"7":2,"8":4,"9":15,"10":15,"11":2,"12":13,"13":4,"14":9,"15":2},"f":{"0":17,"1":4},"b":{"0":[4],"1":[4],"2":[15,2],"3":[2,13],"4":[4,9],"5":[4],"6":[4],"7":[2,13],"8":[4,9]},"inputSourceMap":null,"_coverageSchema":"1a1c01bbd47fc00a2c39e90264f33305004495a9","hash":"31b2258d4fdadefbec525e1a96501aa539c51378"}
}
