TN:
SF:BinarySearch.js
FN:10,binarySearchRecursive
FN:31,binarySearchIterative
FNF:2
FNH:2
FNDA:17,binarySearchRecursive
FNDA:4,binarySearchIterative
DA:11,17
DA:13,17
DA:14,15
DA:16,2
DA:19,13
DA:21,4
DA:24,9
DA:28,2
DA:32,4
DA:33,15
DA:35,15
DA:37,2
DA:40,13
DA:42,4
DA:45,9
DA:49,2
LF:16
LH:16
BRDA:10,0,0,4
BRDA:10,1,0,4
BRDA:13,2,0,15
BRDA:13,2,1,2
BRDA:14,3,0,2
BRDA:14,3,1,13
BRDA:19,4,0,4
BRDA:19,4,1,9
BRDA:31,5,0,4
BRDA:31,6,0,4
BRDA:35,7,0,2
BRDA:35,7,1,13
BRDA:40,8,0,4
BRDA:40,8,1,9
BRF:14
BRH:14
end_of_record
TN:
SF:Reverse.js
FN:8,(anonymous_0)
FNF:1
FNH:1
FNDA:3,(anonymous_0)
DA:8,1
DA:10,3
DA:11,3
DA:13,3
LF:4
LH:4
BRF:0
BRH:0
end_of_record
